2023-04-02 22:45:32.454701 - Initialized conversion of CBT221
2023-04-02 22:45:33.055377 - Received CBT.V504.FILE221.PDS from FILE221.XMI 
2023-04-02 22:45:33.058686 - Found $$$#DATE.txt (text/plain) in CBT.V504.FILE221.PDS, moved to PDS/$$$#DATE
2023-04-02 22:45:33.059990 - Found $$$DOC01.txt (text/plain) in CBT.V504.FILE221.PDS, moved to PDS/$$$DOC01
2023-04-02 22:45:33.060963 - Found $$$DOC02.txt (text/plain) in CBT.V504.FILE221.PDS, moved to PDS/$$$DOC02
2023-04-02 22:45:33.062120 - Found $$MODS.txt (text/plain) in CBT.V504.FILE221.PDS, moved to PDS/$$MODS
2023-04-02 22:45:33.063278 - Found $$WORKDS.txt (text/plain) in CBT.V504.FILE221.PDS, moved to PDS/$$WORKDS
2023-04-02 22:45:33.064677 - Found #NUCLKUP.rexx (text/plain) in CBT.V504.FILE221.PDS, moved to PDS/#NUCLKUP
2023-04-02 22:45:33.065721 - Found @FILE221.txt (text/plain) in CBT.V504.FILE221.PDS, moved to PDS/@FILE221
2023-04-02 22:45:33.066732 - Found CLEAR.txt (text/plain) in CBT.V504.FILE221.PDS, moved to PDS/CLEAR
2023-04-02 22:45:33.067841 - Found CLEAR$.jcl (text/plain) in CBT.V504.FILE221.PDS, moved to PDS/CLEAR$
2023-04-02 22:45:33.069069 - Found IOAPFP.rexx (text/plain) in CBT.V504.FILE221.PDS, moved to PDS/IOAPFP
2023-04-02 22:45:33.070173 - Found IOESRT.rexx (text/plain) in CBT.V504.FILE221.PDS, moved to PDS/IOESRT
2023-04-02 22:45:33.071184 - Found IOLLTP.rexx (text/plain) in CBT.V504.FILE221.PDS, moved to PDS/IOLLTP
2023-04-02 22:45:33.072342 - Found IOLPAP.rexx (text/plain) in CBT.V504.FILE221.PDS, moved to PDS/IOLPAP
2023-04-02 22:45:33.073536 - Found IOLPAQ.rexx (text/plain) in CBT.V504.FILE221.PDS, moved to PDS/IOLPAQ
2023-04-02 22:45:33.074601 - Found IONUCM.rexx (text/plain) in CBT.V504.FILE221.PDS, moved to PDS/IONUCM
2023-04-02 22:45:33.075930 - Found IOPCAUTH.rexx (text/plain) in CBT.V504.FILE221.PDS, moved to PDS/IOPCAUTH
2023-04-02 22:45:33.077209 - Found IOPLPA.rexx (text/plain) in CBT.V504.FILE221.PDS, moved to PDS/IOPLPA
2023-04-02 22:45:33.078509 - Found IOSVCT.rexx (text/plain) in CBT.V504.FILE221.PDS, moved to PDS/IOSVCT
2023-04-02 22:45:33.079734 - Found LISTADSP.rexx (text/plain) in CBT.V504.FILE221.PDS, moved to PDS/LISTADSP
2023-04-02 22:45:33.080867 - Found LISTAPFT.rexx (text/plain) in CBT.V504.FILE221.PDS, moved to PDS/LISTAPFT
2023-04-02 22:45:33.081988 - Found LISTAPF2.rexx (text/plain) in CBT.V504.FILE221.PDS, moved to PDS/LISTAPF2
2023-04-02 22:45:33.082990 - Found LISTCATS.rexx (text/plain) in CBT.V504.FILE221.PDS, moved to PDS/LISTCATS
2023-04-02 22:45:33.084217 - Found LISTCONS.rexx (text/plain) in CBT.V504.FILE221.PDS, moved to PDS/LISTCONS
2023-04-02 22:45:33.085619 - Found LISTDASD.rexx (text/plain) in CBT.V504.FILE221.PDS, moved to PDS/LISTDASD
2023-04-02 22:45:33.086991 - Found LISTDCQ.rexx (text/plain) in CBT.V504.FILE221.PDS, moved to PDS/LISTDCQ
2023-04-02 22:45:33.088204 - Found LISTDCQO.rexx (text/plain) in CBT.V504.FILE221.PDS, moved to PDS/LISTDCQO
2023-04-02 22:45:33.089482 - Found LISTENV.rexx (text/plain) in CBT.V504.FILE221.PDS, moved to PDS/LISTENV
2023-04-02 22:45:33.090861 - Found LISTENVO.rexx (text/plain) in CBT.V504.FILE221.PDS, moved to PDS/LISTENVO
2023-04-02 22:45:33.092092 - Found LISTESRT.rexx (text/plain) in CBT.V504.FILE221.PDS, moved to PDS/LISTESRT
2023-04-02 22:45:33.093360 - Found LISTLLT.rexx (text/plain) in CBT.V504.FILE221.PDS, moved to PDS/LISTLLT
2023-04-02 22:45:33.094470 - Found LISTLPAQ.rexx (text/plain) in CBT.V504.FILE221.PDS, moved to PDS/LISTLPAQ
2023-04-02 22:45:33.095550 - Found LISTLPAT.rexx (text/plain) in CBT.V504.FILE221.PDS, moved to PDS/LISTLPAT
2023-04-02 22:45:33.096885 - Found LISTNUCM.rexx (text/plain) in CBT.V504.FILE221.PDS, moved to PDS/LISTNUCM
2023-04-02 22:45:33.097977 - Found LISTPART.rexx (text/plain) in CBT.V504.FILE221.PDS, moved to PDS/LISTPART
2023-04-02 22:45:33.099199 - Found LISTPAR2.rexx (text/plain) in CBT.V504.FILE221.PDS, moved to PDS/LISTPAR2
2023-04-02 22:45:33.100295 - Found LISTPDSD.rexx (text/plain) in CBT.V504.FILE221.PDS, moved to PDS/LISTPDSD
2023-04-02 22:45:33.101319 - Found LISTPDSM.rexx (text/plain) in CBT.V504.FILE221.PDS, moved to PDS/LISTPDSM
2023-04-02 22:45:33.102352 - Found LISTPLPA.rexx (text/plain) in CBT.V504.FILE221.PDS, moved to PDS/LISTPLPA
2023-04-02 22:45:33.103450 - Found LISTSART.rexx (text/plain) in CBT.V504.FILE221.PDS, moved to PDS/LISTSART
2023-04-02 22:45:33.104580 - Found LISTSFT.rexx (text/plain) in CBT.V504.FILE221.PDS, moved to PDS/LISTSFT
2023-04-02 22:45:33.105598 - Found LISTSMAP.rexx (text/plain) in CBT.V504.FILE221.PDS, moved to PDS/LISTSMAP
2023-04-02 22:45:33.106561 - Found LISTSMF.rexx (text/plain) in CBT.V504.FILE221.PDS, moved to PDS/LISTSMF
2023-04-02 22:45:33.107645 - Found LISTSSN.rexx (text/plain) in CBT.V504.FILE221.PDS, moved to PDS/LISTSSN
2023-04-02 22:45:33.108715 - Found LISTSVCJ.rexx (text/plain) in CBT.V504.FILE221.PDS, moved to PDS/LISTSVCJ
2023-04-02 22:45:33.109670 - Found LISTSVCT.rexx (text/plain) in CBT.V504.FILE221.PDS, moved to PDS/LISTSVCT
2023-04-02 22:45:33.110602 - Found LISTTAPE.rexx (text/plain) in CBT.V504.FILE221.PDS, moved to PDS/LISTTAPE
2023-04-02 22:45:33.111810 - Found LISTVMAP.rexx (text/plain) in CBT.V504.FILE221.PDS, moved to PDS/LISTVMAP
2023-04-02 22:45:33.113113 - Found NOT@OR.txt (text/plain) in CBT.V504.FILE221.PDS, moved to PDS/NOT@OR
2023-04-02 22:45:33.114366 - Found OLDSTUFF.txt (text/plain) in CBT.V504.FILE221.PDS, moved to PDS/OLDSTUFF
2023-04-02 22:45:33.115474 - Found SDUMP.rexx (text/plain) in CBT.V504.FILE221.PDS, moved to PDS/SDUMP
2023-04-02 22:45:33.116635 - Found VSDATA1.rexx (text/plain) in CBT.V504.FILE221.PDS, moved to PDS/VSDATA1
